<?xml version="1.0" encoding="UTF-8"?>
<Site BuildName="(empty)"
	BuildStamp="20260425-1257-Experimental"
	Name="(empty)"
	Generator="ctest-4.2.3-msvc3"
	CompilerName=""
	CompilerVersion=""
	OSName="Windows"
	Hostname="kiki_book"
	OSRelease="10.0.26200"
	OSVersion="Windows 10"
	OSPlatform="AMD64"
	Is64Bits="1"
	VendorString="AuthenticAMD"
	VendorID="Advanced Micro Devices"
	FamilyID="15"
	ModelID="8"
	ModelName="AMD Ryzen 5 5500U with Radeon Graphics"
	ProcessorCacheSize="64"
	NumberOfLogicalCPU="12"
	NumberOfPhysicalCPU="6"
	TotalVirtualMemory="31594"
	TotalPhysicalMemory="15722"
	LogicalProcessorsPerPhysical="2"
	ProcessorClockFrequency="2100"
	>
	<Testing>
		<StartDateTime>Apr 25 15:59 Russia TZ 2 Standard Time</StartDateTime>
		<StartTestTime>1777121952</StartTestTime>
		<TestList/>
		<EndDateTime>Apr 25 15:59 Russia TZ 2 Standard Time</EndDateTime>
		<EndTestTime>1777121952</EndTestTime>
		<ElapsedMinutes>0</ElapsedMinutes>
	</Testing>
</Site>
